Lab7/MediaWorksDemo/app/build/intermediates/manifest_merge_blame_file/debug/manifest-merger-blame-debug-report.txt
1<?xml version="1.0" encoding="utf-8"?>
2<manifest xmlns:android="http://schemas.android.com/apk/res/android"
3    package="com.example.mediaworksdemo"
4    android:versionCode="1"
5    android:versionName="1.0" >
6
7    <uses-sdk
8        android:minSdkVersion="24"
8-->src\main\AndroidManifest.xml
9        android:targetSdkVersion="30" />
9-->src\main\AndroidManifest.xml
10
11    <uses-permission android:name="android.permission.INTERNET" />
11-->src\main\AndroidManifest.xml:5:5-67
11-->src\main\AndroidManifest.xml:5:22-64
12
13    <application
13-->src\main\AndroidManifest.xml:6:5-23:19
14        android:allowBackup="true"
14-->src\main\AndroidManifest.xml:7:9-35
15        android:appComponentFactory="androidx.core.app.CoreComponentFactory"
15-->[androidx.core:core:1.1.0] AndroidManifest.xml:24:18-86
16        android:debuggable="true"
17        android:extractNativeLibs="false"
18        android:icon="@mipmap/ic_launcher"
18-->src\main\AndroidManifest.xml:8:9-43
19        android:label="@string/app_name"
19-->src\main\AndroidManifest.xml:9:9-41
20        android:roundIcon="@mipmap/ic_launcher_round"
20-->src\main\AndroidManifest.xml:10:9-54
21        android:supportsRtl="true"
21-->src\main\AndroidManifest.xml:11:9-35
22        android:testOnly="true"
23        android:theme="@style/Theme.MediaWorksDemo" >
23-->src\main\AndroidManifest.xml:12:9-52
24        <activity
24-->src\main\AndroidManifest.xml:13:9-20:20
25            android:name="com.example.mediaworksdemo.MainActivity"
25-->src\main\AndroidManifest.xml:13:19-47
26            android:configChanges="keyboardHidden|orientation" >
26-->src\main\AndroidManifest.xml:13:48-98
27            <intent-filter>
27-->src\main\AndroidManifest.xml:14:13-18:29
28                <action android:name="android.intent.action.MAIN" />
28-->src\main\AndroidManifest.xml:15:17-69
28-->src\main\AndroidManifest.xml:15:25-66
29
30                <category android:name="android.intent.category.LAUNCHER" />
30-->src\main\AndroidManifest.xml:17:17-77
30-->src\main\AndroidManifest.xml:17:27-74
31            </intent-filter>
32        </activity>
33        <activity
33-->src\main\AndroidManifest.xml:21:9-109
34            android:name="com.example.mediaworksdemo.PictureDetailActivity"
34-->src\main\AndroidManifest.xml:21:19-56
35            android:configChanges="keyboardHidden|orientation" />
35-->src\main\AndroidManifest.xml:21:57-107
36        <activity
36-->src\main\AndroidManifest.xml:22:9-114
37            android:name="com.example.mediaworksdemo.SurfaceActivity"
37-->src\main\AndroidManifest.xml:22:19-50
38            android:configChanges="keyboardHidden|orientation|screenSize" />
38-->src\main\AndroidManifest.xml:22:51-112
39    </application>
40
41</manifest>